<?xml version="1.0" encoding="UTF-8"?>
<!-- Generated by org.testng.reporters.JUnitReportReporter -->
<testsuite hostname="Reinharts-MacBook-Pro.local" failures="0" tests="7" name="mst.qa.test.AndroidTest" time="152.025" errors="0" timestamp="2023-10-24T01:12:37 WIB" skipped="0">
  <testcase classname="mst.qa.test.AndroidTest" name="LoginLogout" time="6.171"/>
  <system-out/>
  <testcase classname="mst.qa.test.AndroidTest" name="AddToDo" time="15.073"/>
  <system-out/>
  <testcase classname="mst.qa.test.AndroidTest" name="AddToDoSecondary" time="17.204"/>
  <system-out/>
  <testcase classname="mst.qa.test.AndroidTest" name="AddToDoOther" time="22.967"/>
  <system-out/>
  <testcase classname="mst.qa.test.AndroidTest" name="AddToDoOtherDiffUpload" time="20.064"/>
  <system-out/>
  <testcase classname="mst.qa.test.AndroidTest" name="AddToDoOtherTapDetailBefore" time="33.412"/>
  <system-out/>
  <testcase classname="mst.qa.test.AndroidTest" name="ValidateAddToDoOtherTapDetailBefore" time="37.134"/>
  <system-out/>
</testsuite> <!-- mst.qa.test.AndroidTest -->
